[2019-11-12 13:25:55,884: INFO/MainProcess] beat: Starting...
celery beat v4.3.0 (rhubarb) is starting.
__    -    ... __   -        _
LocalTime -> 2019-11-12 13:25:55
Configuration ->
    . broker -> amqp://rabbitadmin:**@192.168.55.91:5672//djcelery
    . loader -> celery.loaders.app.AppLoader
    . scheduler -> celery.beat.PersistentScheduler
    . db -> celerybeat-schedule
    . logfile -> [stderr]@%INFO
    . maxinterval -> 5.00 minutes (300s)
[2019-11-12 13:29:13,684: INFO/MainProcess] beat: Starting...
celery beat v4.3.0 (rhubarb) is starting.
__    -    ... __   -        _
LocalTime -> 2019-11-12 13:29:13
Configuration ->
    . broker -> amqp://rabbitadmin:**@192.168.55.91:5672//djcelery
    . loader -> celery.loaders.app.AppLoader
    . scheduler -> celery.beat.PersistentScheduler
    . db -> celerybeat-schedule
    . logfile -> [stderr]@%INFO
    . maxinterval -> 5.00 minutes (300s)
[2019-11-12 13:33:18,319: INFO/MainProcess] beat: Starting...
celery beat v4.3.0 (rhubarb) is starting.
__    -    ... __   -        _
LocalTime -> 2019-11-12 13:33:18
Configuration ->
    . broker -> amqp://rabbitadmin:**@192.168.55.91:5672//djcelery
    . loader -> celery.loaders.app.AppLoader
    . scheduler -> celery.beat.PersistentScheduler
    . db -> celerybeat-schedule
    . logfile -> [stderr]@%INFO
    . maxinterval -> 5.00 minutes (300s)
[2019-11-12 13:37:30,357: INFO/MainProcess] beat: Starting...
[2019-11-12 13:37:30,357: INFO/MainProcess] Writing entries...
[2019-11-12 13:37:35,372: INFO/MainProcess] Writing entries...
[2019-11-12 13:37:35,395: INFO/MainProcess] Scheduler: Sending due task test (scheduler.celery.debug_task)
[2019-11-12 13:37:40,385: INFO/MainProcess] Scheduler: Sending due task test (scheduler.celery.debug_task)
[2019-11-12 13:37:45,387: INFO/MainProcess] Scheduler: Sending due task test (scheduler.celery.debug_task)
[2019-11-12 13:37:50,391: INFO/MainProcess] Scheduler: Sending due task test (scheduler.celery.debug_task)
[2019-11-12 13:37:55,393: INFO/MainProcess] Scheduler: Sending due task test (scheduler.celery.debug_task)
[2019-11-12 13:38:00,396: INFO/MainProcess] Scheduler: Sending due task test (scheduler.celery.debug_task)
[2019-11-12 13:38:05,398: INFO/MainProcess] Scheduler: Sending due task test (scheduler.celery.debug_task)
[2019-11-12 13:38:10,399: INFO/MainProcess] Scheduler: Sending due task test (scheduler.celery.debug_task)
[2019-11-12 13:38:15,401: INFO/MainProcess] DatabaseScheduler: Schedule changed.
[2019-11-12 13:38:15,401: INFO/MainProcess] Writing entries...
[2019-11-12 13:38:25,480: INFO/MainProcess] DatabaseScheduler: Schedule changed.
[2019-11-12 13:38:25,481: INFO/MainProcess] Writing entries...
[2019-11-12 13:40:35,799: INFO/MainProcess] Writing entries...
[2019-11-12 13:43:36,225: INFO/MainProcess] Writing entries...
[2019-11-12 13:46:36,652: INFO/MainProcess] Writing entries...
[2019-11-12 13:49:37,088: INFO/MainProcess] Writing entries...
[2019-11-12 13:52:37,509: INFO/MainProcess] Writing entries...
[2019-11-12 13:55:37,920: INFO/MainProcess] Writing entries...
[2019-11-12 13:56:27,729: INFO/MainProcess] Writing entries...
[2019-11-12 13:56:27,730: INFO/MainProcess] Writing entries...
[2019-11-12 13:56:27,731: INFO/MainProcess] Writing entries...
[2019-11-12 13:56:27,731: INFO/MainProcess] Writing entries...
celery beat v4.3.0 (rhubarb) is starting.
__    -    ... __   -        _
LocalTime -> 2019-11-12 13:37:30
Configuration ->
    . broker -> amqp://rabbitadmin:**@192.168.55.91:5672//djcelery
    . loader -> celery.loaders.app.AppLoader
    . scheduler -> django_celery_beat.schedulers.DatabaseScheduler

    . logfile -> [stderr]@%INFO
    . maxinterval -> 5.00 seconds (5s)
[2019-11-12 13:56:28,931: INFO/MainProcess] beat: Starting...
[2019-11-12 13:56:28,931: INFO/MainProcess] Writing entries...
[2019-11-12 13:56:34,024: INFO/MainProcess] Writing entries...
[2019-11-12 13:59:19,995: INFO/MainProcess] Writing entries...
[2019-11-12 13:59:19,996: INFO/MainProcess] Writing entries...
[2019-11-12 13:59:19,997: INFO/MainProcess] Writing entries...
[2019-11-12 13:59:19,997: INFO/MainProcess] Writing entries...
celery beat v4.3.0 (rhubarb) is starting.
__    -    ... __   -        _
LocalTime -> 2019-11-12 13:56:28
Configuration ->
    . broker -> amqp://rabbitadmin:**@192.168.55.91:5672//djcelery
    . loader -> celery.loaders.app.AppLoader
    . scheduler -> django_celery_beat.schedulers.DatabaseScheduler

    . logfile -> [stderr]@%INFO
    . maxinterval -> 5.00 seconds (5s)
[2019-11-12 13:59:21,197: INFO/MainProcess] beat: Starting...
[2019-11-12 13:59:21,197: INFO/MainProcess] Writing entries...
[2019-11-12 13:59:26,293: INFO/MainProcess] Writing entries...
[2019-11-12 14:02:26,721: INFO/MainProcess] Writing entries...
[2019-11-12 14:05:27,168: INFO/MainProcess] Writing entries...
[2019-11-12 14:08:27,596: INFO/MainProcess] Writing entries...
[2019-11-12 14:11:28,012: INFO/MainProcess] Writing entries...
[2019-11-12 14:14:28,425: INFO/MainProcess] Writing entries...
[2019-11-12 14:17:28,843: INFO/MainProcess] Writing entries...
[2019-11-12 14:20:29,266: INFO/MainProcess] Writing entries...
[2019-11-12 14:23:29,681: INFO/MainProcess] Writing entries...
[2019-11-12 14:26:30,098: INFO/MainProcess] Writing entries...
[2019-11-12 14:29:30,517: INFO/MainProcess] Writing entries...
[2019-11-12 14:32:30,942: INFO/MainProcess] Writing entries...
[2019-11-12 14:32:42,333: INFO/MainProcess] Writing entries...
[2019-11-12 14:32:42,334: INFO/MainProcess] Writing entries...
[2019-11-12 14:32:42,334: INFO/MainProcess] Writing entries...
[2019-11-12 14:32:42,335: INFO/MainProcess] Writing entries...
celery beat v4.3.0 (rhubarb) is starting.
__    -    ... __   -        _
LocalTime -> 2019-11-12 13:59:21
Configuration ->
    . broker -> amqp://rabbitadmin:**@192.168.55.91:5672//djcelery
    . loader -> celery.loaders.app.AppLoader
    . scheduler -> django_celery_beat.schedulers.DatabaseScheduler

    . logfile -> [stderr]@%INFO
    . maxinterval -> 5.00 seconds (5s)
[2019-11-12 14:32:43,548: INFO/MainProcess] beat: Starting...
[2019-11-12 14:32:43,548: INFO/MainProcess] Writing entries...
[2019-11-12 14:32:48,660: INFO/MainProcess] Writing entries...
[2019-11-12 14:35:49,090: INFO/MainProcess] Writing entries...
[2019-11-12 14:38:49,514: INFO/MainProcess] Writing entries...
[2019-11-12 14:41:49,936: INFO/MainProcess] Writing entries...
[2019-11-12 14:44:50,348: INFO/MainProcess] Writing entries...
[2019-11-12 14:45:05,253: INFO/MainProcess] Writing entries...
[2019-11-12 14:45:05,254: INFO/MainProcess] Writing entries...
[2019-11-12 14:45:05,255: INFO/MainProcess] Writing entries...
[2019-11-12 14:45:05,255: INFO/MainProcess] Writing entries...
celery beat v4.3.0 (rhubarb) is starting.
__    -    ... __   -        _
LocalTime -> 2019-11-12 14:32:43
Configuration ->
    . broker -> amqp://rabbitadmin:**@192.168.55.91:5672//djcelery
    . loader -> celery.loaders.app.AppLoader
    . scheduler -> django_celery_beat.schedulers.DatabaseScheduler

    . logfile -> [stderr]@%INFO
    . maxinterval -> 5.00 seconds (5s)
[2019-11-12 14:45:06,440: INFO/MainProcess] beat: Starting...
[2019-11-12 14:45:06,440: INFO/MainProcess] Writing entries...
[2019-11-12 14:45:11,596: INFO/MainProcess] Writing entries...
[2019-11-12 14:47:06,855: INFO/MainProcess] DatabaseScheduler: Schedule changed.
[2019-11-12 14:47:06,855: INFO/MainProcess] Writing entries...
[2019-11-12 14:47:46,965: INFO/MainProcess] DatabaseScheduler: Schedule changed.
[2019-11-12 14:47:46,966: INFO/MainProcess] Writing entries...
[2019-11-12 14:48:12,040: INFO/MainProcess] Writing entries...
[2019-11-12 14:50:00,059: INFO/MainProcess] Scheduler: Sending due task test (scheduler.celery.debug_task)
[2019-11-12 14:50:00,060: ERROR/MainProcess] Message Error: Couldn't apply scheduled task test: debug_task() takes 1 positional argument but 3 were given
['  File "/ddhome/cmdb/venv/bin/celery", line 8, in <module>\n    sys.exit(main())\n', '  File "/ddhome/cmdb/venv/lib64/python3.6/site-packages/celery/__main__.py", line 16, in main\n    _main()\n', '  File "/ddhome/cmdb/venv/lib64/python3.6/site-packages/celery/bin/celery.py", line 322, in main\n    cmd.execute_from_commandline(argv)\n', '  File "/ddhome/cmdb/venv/lib64/python3.6/site-packages/celery/bin/celery.py", line 496, in execute_from_commandline\n    super(CeleryCommand, self).execute_from_commandline(argv)))\n', '  File "/ddhome/cmdb/venv/lib64/python3.6/site-packages/celery/bin/base.py", line 298, in execute_from_commandline\n    return self.handle_argv(self.prog_name, argv[1:])\n', '  File "/ddhome/cmdb/venv/lib64/python3.6/site-packages/celery/bin/celery.py", line 488, in handle_argv\n    return self.execute(command, argv)\n', '  File "/ddhome/cmdb/venv/lib64/python3.6/site-packages/celery/bin/celery.py", line 420, in execute\n    ).run_from_argv(self.prog_name, argv[1:], command=argv[0])\n', '  File "/ddhome/cmdb/venv/lib64/python3.6/site-packages/celery/bin/base.py", line 302, in run_from_argv\n    sys.argv if argv is None else argv, command)\n', '  File "/ddhome/cmdb/venv/lib64/python3.6/site-packages/celery/bin/base.py", line 386, in handle_argv\n    return self(*args, **options)\n', '  File "/ddhome/cmdb/venv/lib64/python3.6/site-packages/celery/bin/base.py", line 252, in __call__\n    ret = self.run(*args, **kwargs)\n', '  File "/ddhome/cmdb/venv/lib64/python3.6/site-packages/celery/bin/beat.py", line 109, in run\n    return beat().run()\n', '  File "/ddhome/cmdb/venv/lib64/python3.6/site-packages/celery/apps/beat.py", line 81, in run\n    self.start_scheduler()\n', '  File "/ddhome/cmdb/venv/lib64/python3.6/site-packages/celery/apps/beat.py", line 109, in start_scheduler\n    service.start()\n', '  File "/ddhome/cmdb/venv/lib64/python3.6/site-packages/celery/beat.py", line 597, in start\n    interval = self.scheduler.tick()\n', '  File "/ddhome/cmdb/venv/lib64/python3.6/site-packages/celery/beat.py", line 312, in tick\n    self.apply_entry(entry, producer=self.producer)\n', '  File "/ddhome/cmdb/venv/lib64/python3.6/site-packages/celery/beat.py", line 245, in apply_entry\n    exc, traceback.format_stack(), exc_info=True)\n']
Traceback (most recent call last):
  File "/ddhome/cmdb/venv/lib64/python3.6/site-packages/celery/beat.py", line 359, in apply_async
    **entry.options)
  File "/ddhome/cmdb/venv/lib64/python3.6/site-packages/celery/app/task.py", line 532, in apply_async
    check_arguments(*(args or ()), **(kwargs or {}))
TypeError: debug_task() takes 1 positional argument but 3 were given

During handling of the above exception, another exception occurred:

Traceback (most recent call last):
  File "/ddhome/cmdb/venv/lib64/python3.6/site-packages/celery/beat.py", line 242, in apply_entry
    result = self.apply_async(entry, producer=producer, advance=False)
  File "/ddhome/cmdb/venv/lib64/python3.6/site-packages/celery/beat.py", line 367, in apply_async
    entry, exc=exc)), sys.exc_info()[2])
  File "/ddhome/cmdb/venv/lib64/python3.6/site-packages/vine/five.py", line 194, in reraise
    raise value.with_traceback(tb)
  File "/ddhome/cmdb/venv/lib64/python3.6/site-packages/celery/beat.py", line 359, in apply_async
    **entry.options)
  File "/ddhome/cmdb/venv/lib64/python3.6/site-packages/celery/app/task.py", line 532, in apply_async
    check_arguments(*(args or ()), **(kwargs or {}))
celery.beat.SchedulingError: Couldn't apply scheduled task test: debug_task() takes 1 positional argument but 3 were given
[2019-11-12 14:50:00,067: INFO/MainProcess] DatabaseScheduler: Schedule changed.
[2019-11-12 14:50:00,067: INFO/MainProcess] Writing entries...
[2019-11-12 14:50:05,111: INFO/MainProcess] DatabaseScheduler: Schedule changed.
[2019-11-12 14:50:05,111: INFO/MainProcess] Writing entries...
[2019-11-12 14:51:15,286: INFO/MainProcess] Writing entries...
[2019-11-12 14:54:15,720: INFO/MainProcess] Writing entries...
[2019-11-12 14:57:16,132: INFO/MainProcess] Writing entries...
[2019-11-12 14:59:06,392: INFO/MainProcess] DatabaseScheduler: Schedule changed.
[2019-11-12 14:59:06,392: INFO/MainProcess] Writing entries...
[2019-11-12 14:59:21,456: INFO/MainProcess] DatabaseScheduler: Schedule changed.
[2019-11-12 14:59:21,456: INFO/MainProcess] Writing entries...
[2019-11-12 15:00:11,599: INFO/MainProcess] DatabaseScheduler: Schedule changed.
[2019-11-12 15:00:11,599: INFO/MainProcess] Writing entries...
[2019-11-12 15:00:16,631: INFO/MainProcess] Writing entries...
[2019-11-12 15:03:17,051: INFO/MainProcess] Writing entries...
[2019-11-12 15:06:17,470: INFO/MainProcess] Writing entries...
[2019-11-12 15:09:17,885: INFO/MainProcess] Writing entries...
[2019-11-12 15:12:18,314: INFO/MainProcess] Writing entries...
[2019-11-12 15:13:14,232: INFO/MainProcess] Writing entries...
[2019-11-12 15:13:14,232: INFO/MainProcess] Writing entries...
[2019-11-12 15:13:14,233: INFO/MainProcess] Writing entries...
[2019-11-12 15:13:14,233: INFO/MainProcess] Writing entries...
celery beat v4.3.0 (rhubarb) is starting.
__    -    ... __   -        _
LocalTime -> 2019-11-12 14:45:06
Configuration ->
    . broker -> amqp://rabbitadmin:**@192.168.55.91:5672//djcelery
    . loader -> celery.loaders.app.AppLoader
    . scheduler -> django_celery_beat.schedulers.DatabaseScheduler

    . logfile -> [stderr]@%INFO
    . maxinterval -> 5.00 seconds (5s)
[2019-11-12 15:13:15,446: INFO/MainProcess] beat: Starting...
[2019-11-12 15:13:15,446: INFO/MainProcess] Writing entries...
[2019-11-12 15:13:20,567: INFO/MainProcess] Writing entries...
[2019-11-12 15:13:40,641: INFO/MainProcess] DatabaseScheduler: Schedule changed.
[2019-11-12 15:13:40,641: INFO/MainProcess] Writing entries...
[2019-11-12 15:16:21,009: INFO/MainProcess] Writing entries...
[2019-11-12 15:17:41,206: INFO/MainProcess] DatabaseScheduler: Schedule changed.
[2019-11-12 15:17:41,207: INFO/MainProcess] Writing entries...
[2019-11-12 15:18:06,288: INFO/MainProcess] DatabaseScheduler: Schedule changed.
[2019-11-12 15:18:06,289: INFO/MainProcess] Writing entries...
[2019-11-12 15:18:16,332: INFO/MainProcess] DatabaseScheduler: Schedule changed.
[2019-11-12 15:18:16,332: INFO/MainProcess] Writing entries...
[2019-11-12 15:19:21,506: INFO/MainProcess] Writing entries...
[2019-11-12 15:22:21,933: INFO/MainProcess] Writing entries...
[2019-11-12 15:22:21,939: INFO/MainProcess] DatabaseScheduler: Schedule changed.
[2019-11-12 15:22:21,939: INFO/MainProcess] Writing entries...
[2019-11-12 15:23:42,159: INFO/MainProcess] DatabaseScheduler: Schedule changed.
[2019-11-12 15:23:42,159: INFO/MainProcess] Writing entries...
[2019-11-12 15:24:10,217: INFO/MainProcess] Writing entries...
[2019-11-12 15:24:10,218: INFO/MainProcess] Writing entries...
[2019-11-12 15:24:10,218: INFO/MainProcess] Writing entries...
[2019-11-12 15:24:10,218: INFO/MainProcess] Writing entries...
celery beat v4.3.0 (rhubarb) is starting.
__    -    ... __   -        _
LocalTime -> 2019-11-12 15:13:15
Configuration ->
    . broker -> amqp://rabbitadmin:**@192.168.55.91:5672//djcelery
    . loader -> celery.loaders.app.AppLoader
    . scheduler -> django_celery_beat.schedulers.DatabaseScheduler

    . logfile -> [stderr]@%INFO
    . maxinterval -> 5.00 seconds (5s)
[2019-11-12 15:24:11,397: INFO/MainProcess] beat: Starting...
[2019-11-12 15:24:11,398: INFO/MainProcess] Writing entries...
[2019-11-12 15:24:16,508: INFO/MainProcess] Writing entries...
[2019-11-12 15:26:16,805: INFO/MainProcess] DatabaseScheduler: Schedule changed.
[2019-11-12 15:26:16,806: INFO/MainProcess] Writing entries...
[2019-11-12 15:27:16,959: INFO/MainProcess] Writing entries...
[2019-11-12 15:27:50,766: INFO/MainProcess] Writing entries...
[2019-11-12 15:27:50,767: INFO/MainProcess] Writing entries...
[2019-11-12 15:27:50,768: INFO/MainProcess] Writing entries...
[2019-11-12 15:27:50,768: INFO/MainProcess] Writing entries...
celery beat v4.3.0 (rhubarb) is starting.
__    -    ... __   -        _
LocalTime -> 2019-11-12 15:24:11
Configuration ->
    . broker -> amqp://rabbitadmin:**@192.168.55.91:5672//djcelery
    . loader -> celery.loaders.app.AppLoader
    . scheduler -> django_celery_beat.schedulers.DatabaseScheduler

    . logfile -> [stderr]@%INFO
    . maxinterval -> 5.00 seconds (5s)
[2019-11-12 15:27:51,961: INFO/MainProcess] beat: Starting...
[2019-11-12 15:27:51,961: INFO/MainProcess] Writing entries...
[2019-11-12 15:27:56,976: INFO/MainProcess] Writing entries...
[2019-11-12 15:27:56,995: INFO/MainProcess] Scheduler: Sending due task test1 (scheduler.celery.debug_task)
[2019-11-12 15:28:01,984: INFO/MainProcess] Scheduler: Sending due task test1 (scheduler.celery.debug_task)
[2019-11-12 15:28:06,985: INFO/MainProcess] Scheduler: Sending due task test1 (scheduler.celery.debug_task)
[2019-11-12 15:28:11,987: INFO/MainProcess] Scheduler: Sending due task test1 (scheduler.celery.debug_task)
[2019-11-12 15:28:16,989: INFO/MainProcess] Scheduler: Sending due task test1 (scheduler.celery.debug_task)
[2019-11-12 15:28:21,990: INFO/MainProcess] Scheduler: Sending due task test1 (scheduler.celery.debug_task)
[2019-11-12 15:28:26,992: INFO/MainProcess] Scheduler: Sending due task test1 (scheduler.celery.debug_task)
[2019-11-12 15:28:31,993: INFO/MainProcess] Scheduler: Sending due task test1 (scheduler.celery.debug_task)
[2019-11-12 15:28:36,994: INFO/MainProcess] Scheduler: Sending due task test1 (scheduler.celery.debug_task)
[2019-11-12 15:28:41,998: INFO/MainProcess] Scheduler: Sending due task test1 (scheduler.celery.debug_task)
[2019-11-12 15:28:46,999: INFO/MainProcess] Scheduler: Sending due task test1 (scheduler.celery.debug_task)
[2019-11-12 15:28:52,000: INFO/MainProcess] Scheduler: Sending due task test1 (scheduler.celery.debug_task)
[2019-11-12 15:28:57,002: INFO/MainProcess] DatabaseScheduler: Schedule changed.
[2019-11-12 15:28:57,003: INFO/MainProcess] Writing entries...
[2019-11-12 15:29:27,193: INFO/MainProcess] DatabaseScheduler: Schedule changed.
[2019-11-12 15:29:27,194: INFO/MainProcess] Writing entries...
[2019-11-12 15:30:57,426: INFO/MainProcess] Writing entries...
[2019-11-12 15:31:00,007: INFO/MainProcess] Scheduler: Sending due task test (scheduler.celery.debug_task)
[2019-11-12 15:32:45,252: INFO/MainProcess] DatabaseScheduler: Schedule changed.
[2019-11-12 15:32:45,252: INFO/MainProcess] Writing entries...
[2019-11-12 15:34:00,426: INFO/MainProcess] Writing entries...
[2019-11-12 15:34:45,545: INFO/MainProcess] DatabaseScheduler: Schedule changed.
[2019-11-12 15:34:45,545: INFO/MainProcess] Writing entries...
[2019-11-12 15:34:50,575: INFO/MainProcess] DatabaseScheduler: Schedule changed.
[2019-11-12 15:34:50,576: INFO/MainProcess] Writing entries...
[2019-11-12 15:36:20,799: INFO/MainProcess] DatabaseScheduler: Schedule changed.
[2019-11-12 15:36:20,800: INFO/MainProcess] Writing entries...
[2019-11-12 15:37:00,907: INFO/MainProcess] Writing entries...
[2019-11-12 15:37:05,930: INFO/MainProcess] DatabaseScheduler: Schedule changed.
[2019-11-12 15:37:05,930: INFO/MainProcess] Writing entries...
[2019-11-12 15:37:15,979: INFO/MainProcess] DatabaseScheduler: Schedule changed.
[2019-11-12 15:37:15,979: INFO/MainProcess] Writing entries...
[2019-11-12 15:39:12,660: INFO/MainProcess] Writing entries...
[2019-11-12 15:39:12,667: INFO/MainProcess] Writing entries...
[2019-11-12 15:39:12,673: INFO/MainProcess] Writing entries...
[2019-11-12 15:39:12,678: INFO/MainProcess] Writing entries...
celery beat v4.3.0 (rhubarb) is starting.
__    -    ... __   -        _
LocalTime -> 2019-11-12 15:27:51
Configuration ->
    . broker -> amqp://rabbitadmin:**@192.168.55.91:5672//djcelery
    . loader -> celery.loaders.app.AppLoader
    . scheduler -> django_celery_beat.schedulers.DatabaseScheduler

    . logfile -> [stderr]@%INFO
    . maxinterval -> 5.00 seconds (5s)
[2019-11-12 15:39:13,847: INFO/MainProcess] beat: Starting...
[2019-11-12 15:39:13,847: INFO/MainProcess] Writing entries...
[2019-11-12 15:39:18,925: INFO/MainProcess] Writing entries...
[2019-11-12 15:40:44,130: INFO/MainProcess] DatabaseScheduler: Schedule changed.
[2019-11-12 15:40:44,130: INFO/MainProcess] Writing entries...
[2019-11-12 15:42:19,368: INFO/MainProcess] Writing entries...
[2019-11-12 15:45:19,788: INFO/MainProcess] Writing entries...
[2019-11-12 15:48:20,212: INFO/MainProcess] Writing entries...
[2019-11-12 15:51:20,638: INFO/MainProcess] Writing entries...
[2019-11-12 15:52:46,157: INFO/MainProcess] Writing entries...
[2019-11-12 15:52:46,157: INFO/MainProcess] Writing entries...
[2019-11-12 15:52:46,158: INFO/MainProcess] Writing entries...
[2019-11-12 15:52:46,158: INFO/MainProcess] Writing entries...
celery beat v4.3.0 (rhubarb) is starting.
__    -    ... __   -        _
LocalTime -> 2019-11-12 15:39:13
Configuration ->
    . broker -> amqp://rabbitadmin:**@192.168.55.91:5672//djcelery
    . loader -> celery.loaders.app.AppLoader
    . scheduler -> django_celery_beat.schedulers.DatabaseScheduler

    . logfile -> [stderr]@%INFO
    . maxinterval -> 5.00 seconds (5s)
[2019-11-12 15:52:47,324: INFO/MainProcess] beat: Starting...
[2019-11-12 15:52:47,325: INFO/MainProcess] Writing entries...
[2019-11-12 15:52:52,427: INFO/MainProcess] Writing entries...
[2019-11-12 15:54:17,636: INFO/MainProcess] DatabaseScheduler: Schedule changed.
[2019-11-12 15:54:17,636: INFO/MainProcess] Writing entries...
[2019-11-12 15:54:42,708: INFO/MainProcess] DatabaseScheduler: Schedule changed.
[2019-11-12 15:54:42,709: INFO/MainProcess] Writing entries...
[2019-11-12 15:54:47,734: INFO/MainProcess] Scheduler: Sending due task test (scheduler.celery.debug_task)
[2019-11-12 15:54:52,833: INFO/MainProcess] DatabaseScheduler: Schedule changed.
[2019-11-12 15:54:52,833: INFO/MainProcess] Writing entries...
[2019-11-12 15:54:52,961: INFO/MainProcess] DatabaseScheduler: Schedule changed.
[2019-11-12 15:54:52,961: INFO/MainProcess] Writing entries...
[2019-11-12 15:55:53,123: INFO/MainProcess] Writing entries...
[2019-11-12 15:56:28,206: INFO/MainProcess] DatabaseScheduler: Schedule changed.
[2019-11-12 15:56:28,206: INFO/MainProcess] Writing entries...
[2019-11-12 15:56:33,217: INFO/MainProcess] Scheduler: Sending due task test (scheduler.celery.debug_task)
[2019-11-12 15:56:38,271: INFO/MainProcess] DatabaseScheduler: Schedule changed.
[2019-11-12 15:56:38,271: INFO/MainProcess] Writing entries...
[2019-11-12 15:56:38,398: INFO/MainProcess] DatabaseScheduler: Schedule changed.
[2019-11-12 15:56:38,398: INFO/MainProcess] Writing entries...
[2019-11-12 15:58:23,653: INFO/MainProcess] DatabaseScheduler: Schedule changed.
[2019-11-12 15:58:23,653: INFO/MainProcess] Writing entries...
[2019-11-12 15:58:28,683: INFO/MainProcess] DatabaseScheduler: Schedule changed.
[2019-11-12 15:58:28,683: INFO/MainProcess] Writing entries...
[2019-11-12 15:58:53,750: INFO/MainProcess] Writing entries...
[2019-11-12 15:58:58,768: INFO/MainProcess] DatabaseScheduler: Schedule changed.
[2019-11-12 15:58:58,768: INFO/MainProcess] Writing entries...
[2019-11-12 16:01:54,179: INFO/MainProcess] Writing entries...
[2019-11-12 16:04:54,577: INFO/MainProcess] Writing entries...
[2019-11-12 16:07:54,995: INFO/MainProcess] Writing entries...
[2019-11-12 16:08:40,824: INFO/MainProcess] Writing entries...
[2019-11-12 16:08:40,824: INFO/MainProcess] Writing entries...
[2019-11-12 16:08:40,825: INFO/MainProcess] Writing entries...
[2019-11-12 16:08:40,825: INFO/MainProcess] Writing entries...
celery beat v4.3.0 (rhubarb) is starting.
__    -    ... __   -        _
LocalTime -> 2019-11-12 15:52:47
Configuration ->
    . broker -> amqp://rabbitadmin:**@192.168.55.91:5672//djcelery
    . loader -> celery.loaders.app.AppLoader
    . scheduler -> django_celery_beat.schedulers.DatabaseScheduler

    . logfile -> [stderr]@%INFO
    . maxinterval -> 5.00 seconds (5s)
[2019-11-12 16:08:42,025: INFO/MainProcess] beat: Starting...
[2019-11-12 16:08:42,025: INFO/MainProcess] Writing entries...
[2019-11-12 16:08:47,193: INFO/MainProcess] Writing entries...
[2019-11-12 16:11:47,609: INFO/MainProcess] Writing entries...
[2019-11-12 16:14:45,619: INFO/MainProcess] Writing entries...
[2019-11-12 16:14:45,621: INFO/MainProcess] Writing entries...
[2019-11-12 16:14:45,621: INFO/MainProcess] Writing entries...
[2019-11-12 16:14:45,621: INFO/MainProcess] Writing entries...
celery beat v4.3.0 (rhubarb) is starting.
__    -    ... __   -        _
LocalTime -> 2019-11-12 16:08:42
Configuration ->
    . broker -> amqp://rabbitadmin:**@192.168.55.91:5672//djcelery
    . loader -> celery.loaders.app.AppLoader
    . scheduler -> django_celery_beat.schedulers.DatabaseScheduler

    . logfile -> [stderr]@%INFO
    . maxinterval -> 5.00 seconds (5s)
[2019-11-12 16:14:46,814: INFO/MainProcess] beat: Starting...
[2019-11-12 16:14:46,815: INFO/MainProcess] Writing entries...
[2019-11-12 16:14:51,936: INFO/MainProcess] Writing entries...
[2019-11-12 16:17:52,353: INFO/MainProcess] Writing entries...
[2019-11-12 16:20:52,799: INFO/MainProcess] Writing entries...
[2019-11-12 16:23:53,276: INFO/MainProcess] Writing entries...
[2019-11-12 16:24:07,237: INFO/MainProcess] Writing entries...
[2019-11-12 16:24:07,238: INFO/MainProcess] Writing entries...
[2019-11-12 16:24:07,239: INFO/MainProcess] Writing entries...
[2019-11-12 16:24:07,239: INFO/MainProcess] Writing entries...
celery beat v4.3.0 (rhubarb) is starting.
__    -    ... __   -        _
LocalTime -> 2019-11-12 16:14:46
Configuration ->
    . broker -> amqp://rabbitadmin:**@192.168.55.91:5672//djcelery
    . loader -> celery.loaders.app.AppLoader
    . scheduler -> django_celery_beat.schedulers.DatabaseScheduler

    . logfile -> [stderr]@%INFO
    . maxinterval -> 5.00 seconds (5s)
[2019-11-12 16:24:08,459: INFO/MainProcess] beat: Starting...
[2019-11-12 16:24:08,459: INFO/MainProcess] Writing entries...
[2019-11-12 16:24:13,623: INFO/MainProcess] Writing entries...
[2019-11-12 16:27:14,035: INFO/MainProcess] Writing entries...
